Using pre-set license
Built from '2020.3/staging' branch; Version is '2020.3.9f1 (108be757e447) revision 1084391'; Using compiler version '192528614'; Build Type 'Release'
OS: 'Windows 10 Home; OS build 19041.1083; Version 2004; 64bit' Language: 'en' Physical Memory: 16187 MB
BatchMode: 1, IsHumanControllingUs: 0, StartBugReporterOnCrash: 0, Is64bit: 1, IsPro: 0

 COMMAND LINE ARGUMENTS:
C:\Program Files\Unity\Hub\Editor\2020.3.9f1\Editor\Unity.exe
-adb2
-batchMode
-noUpm
-name
AssetImportWorker0
-projectPath
C:/Users/tajna/Desktop/STUDIO-3/STUDIO-3/VR_Project_Studio3
-logFile
Logs/AssetImportWorker0.log
-srvPort
51647
Successfully changed project path to: C:/Users/tajna/Desktop/STUDIO-3/STUDIO-3/VR_Project_Studio3
C:/Users/tajna/Desktop/STUDIO-3/STUDIO-3/VR_Project_Studio3
Using Asset Import Pipeline V2.
Refreshing native plugins compatible for Editor in 144.44 ms, found 17 plugins.
Preloading 1 native plugins for Editor in 0.92 ms.
Initialize engine version: 2020.3.9f1 (108be757e447)
[Subsystems] Discovering subsystems at path C:/Program Files/Unity/Hub/Editor/2020.3.9f1/Editor/Data/Resources/UnitySubsystems
[Subsystems] Discovering subsystems at path C:/Users/tajna/Desktop/STUDIO-3/STUDIO-3/VR_Project_Studio3/Assets
GfxDevice: creating device client; threaded=0
Direct3D:
    Version:  Direct3D 11.0 [level 11.1]
    Renderer: NVIDIA GeForce GTX 1660 Ti (ID=0x2191)
    Vendor:   
    VRAM:     5991 MB
    Driver:   27.21.14.6230
Shader 'Distant Lands/Stylized Terrain First Pass': dependency 'BaseMapShader' shader 'Distant Lands/Stylized Terrain' not found
Shader 'Nature/Terrain/StylizedTerrain': dependency 'BaseMapShader' shader 'ASESampleShaders/SimpleTerrainBase' not found
Shader 'Nature/Terrain/StylizedTerrain': dependency 'AddPassShader' shader 'ASESampleShaders/Terrain/SimpleTerrainAddPass' not found
Shader 'Universal Render Pipeline/Particles/Lit': fallback shader 'Universal Render Pipeline/Particles/SimpleLit' not found
Initialize mono
Mono path[0] = 'C:/Program Files/Unity/Hub/Editor/2020.3.9f1/Editor/Data/Managed'
Mono path[1] = 'C:/Program Files/Unity/Hub/Editor/2020.3.9f1/Editor/Data/MonoBleedingEdge/lib/mono/unityjit'
Mono config path = 'C:/Program Files/Unity/Hub/Editor/2020.3.9f1/Editor/Data/MonoBleedingEdge/etc'
Using monoOptions --debugger-agent=transport=dt_socket,embedding=1,server=y,suspend=n,address=127.0.0.1:56000
Begin MonoManager ReloadAssembly
Registering precompiled unity dll's ...
Register platform support module: C:/Program Files/Unity/Hub/Editor/2020.3.9f1/Editor/Data/PlaybackEngines/WindowsStandaloneSupport/UnityEditor.WindowsStandalone.Extensions.dll
Registered in 0.001854 seconds.
Native extension for WindowsStandalone target not found
Refreshing native plugins compatible for Editor in 109.00 ms, found 17 plugins.
Preloading 1 native plugins for Editor in 0.10 ms.
Mono: successfully reloaded assembly
- Completed reload, in  1.221 seconds
Platform modules already initialized, skipping
Registering precompiled user dll's ...
Registered in 0.016151 seconds.
Begin MonoManager ReloadAssembly
Native extension for WindowsStandalone target not found
Refreshing native plugins compatible for Editor in 107.05 ms, found 17 plugins.
Preloading 1 native plugins for Editor in 0.09 ms.
RefreshInfo: StopAssetImportingV2(NoUpdateAssetOptions) scanfilter: 
RefreshProfiler: Total: 0.000ms
RefreshInfo: StopAssetImportingV2(NoUpdateAssetOptions) scanfilter: 
RefreshProfiler: Total: 0.000ms
[XR] OculusXRPlugin: registering subsystems
[XR] Unable to register display lifecyle provider: [1]
[XR] Oculus Input lifecycle provider registered.
[XR] Unable to register input lifecyle provider: [1]
NullReferenceException: Object reference not set to an instance of an object
  at Unity.XR.Oculus.OculusLoader.AssetPathToAbsolutePath (System.String assetPath) [0x00048] in C:\Users\tajna\Desktop\STUDIO-3\STUDIO-3\VR_Project_Studio3\Library\PackageCache\com.unity.xr.oculus@1.9.1\Runtime\OculusLoader.cs:249 
  at Unity.XR.Oculus.OculusLoader.EditorLoadOVRPlugin () [0x0007b] in C:\Users\tajna\Desktop\STUDIO-3\STUDIO-3\VR_Project_Studio3\Library\PackageCache\com.unity.xr.oculus@1.9.1\Runtime\OculusLoader.cs:234 

(Filename: Library/PackageCache/com.unity.xr.oculus@1.9.1/Runtime/OculusLoader.cs Line: 249)

Mono: successfully reloaded assembly
- Completed reload, in  2.146 seconds
Platform modules already initialized, skipping
========================================================================
Worker process is ready to serve import requests
Shader 'Nature/Terrain/StylizedTerrain': dependency 'BaseMapShader' shader 'ASESampleShaders/SimpleTerrainBase' not found
Shader 'Nature/Terrain/StylizedTerrain': dependency 'AddPassShader' shader 'ASESampleShaders/Terrain/SimpleTerrainAddPass' not found
Shader 'Universal Render Pipeline/Particles/Lit': fallback shader 'Universal Render Pipeline/Particles/SimpleLit' not found
Shader 'Distant Lands/Stylized Terrain First Pass': dependency 'BaseMapShader' shader 'Distant Lands/Stylized Terrain' not found
Launched and connected shader compiler UnityShaderCompiler.exe after 0.06 seconds
Refreshing native plugins compatible for Editor in 3.15 ms, found 17 plugins.
Preloading 1 native plugins for Editor in 0.14 ms.
Unloading 53 Unused Serialized files (Serialized files now loaded: 0)
System memory in use before: 134.2 MB.
System memory in use after: 134.2 MB.

Unloading 135 unused Assets to reduce memory usage. Loaded Objects now: 5094.
Total: 4.419800 ms (FindLiveObjects: 0.704300 ms CreateObjectMapping: 0.352100 ms MarkObjects: 3.213800 ms  DeleteObjects: 0.148700 ms)

========================================================================
Received Import Request.
  path: Assets/Scenes/Environmental_Design.unity
  artifactKey: Guid(6e910f04b09d0414aa01df16a94a5729) Importer(815301076,1909f56bfc062723c751e8b465ee728b)
Start importing Assets/Scenes/Environmental_Design.unity using Guid(6e910f04b09d0414aa01df16a94a5729) Importer(815301076,1909f56bfc062723c751e8b465ee728b)  -> (artifact id: '73526314a0e2b29713956bef92f53352') in 0.026500 seconds
  Import took 0.033168 seconds .

========================================================================
Received Prepare
Registering precompiled user dll's ...
Registered in 0.015395 seconds.
Begin MonoManager ReloadAssembly
Native extension for WindowsStandalone target not found
Refreshing native plugins compatible for Editor in 1.81 ms, found 17 plugins.
Preloading 1 native plugins for Editor in 0.08 ms.
RefreshInfo: StopAssetImportingV2(NoUpdateAssetOptions) scanfilter: 
RefreshProfiler: Total: 0.000ms
RefreshInfo: StopAssetImportingV2(NoUpdateAssetOptions) scanfilter: 
RefreshProfiler: Total: 0.000ms
NullReferenceException: Object reference not set to an instance of an object
  at Unity.XR.Oculus.OculusLoader.AssetPathToAbsolutePath (System.String assetPath) [0x00048] in C:\Users\tajna\Desktop\STUDIO-3\STUDIO-3\VR_Project_Studio3\Library\PackageCache\com.unity.xr.oculus@1.9.1\Runtime\OculusLoader.cs:249 
  at Unity.XR.Oculus.OculusLoader.EditorLoadOVRPlugin () [0x0007b] in C:\Users\tajna\Desktop\STUDIO-3\STUDIO-3\VR_Project_Studio3\Library\PackageCache\com.unity.xr.oculus@1.9.1\Runtime\OculusLoader.cs:234 

(Filename: Library/PackageCache/com.unity.xr.oculus@1.9.1/Runtime/OculusLoader.cs Line: 249)

Mono: successfully reloaded assembly
- Completed reload, in  1.346 seconds
Platform modules already initialized, skipping
Shader 'Nature/Terrain/StylizedTerrain': dependency 'BaseMapShader' shader 'ASESampleShaders/SimpleTerrainBase' not found
Shader 'Nature/Terrain/StylizedTerrain': dependency 'AddPassShader' shader 'ASESampleShaders/Terrain/SimpleTerrainAddPass' not found
Shader 'Universal Render Pipeline/Particles/Lit': fallback shader 'Universal Render Pipeline/Particles/SimpleLit' not found
Shader 'Distant Lands/Stylized Terrain First Pass': dependency 'BaseMapShader' shader 'Distant Lands/Stylized Terrain' not found
Refreshing native plugins compatible for Editor in 1.91 ms, found 17 plugins.
Preloading 1 native plugins for Editor in 0.08 ms.
Unloading 2119 Unused Serialized files (Serialized files now loaded: 0)
System memory in use before: 185.2 MB.
System memory in use after: 185.4 MB.

Unloading 127 unused Assets to reduce memory usage. Loaded Objects now: 5099.
Total: 4.173000 ms (FindLiveObjects: 0.333700 ms CreateObjectMapping: 0.157000 ms MarkObjects: 3.570800 ms  DeleteObjects: 0.110500 ms)

========================================================================
Received Import Request.
  Time since last request: 182.026617 seconds.
  path: Assets/Models/AbyssGeo.fbx
  artifactKey: Guid(89b6585c73760db48b9bc7c970b70e87) Importer(815301076,1909f56bfc062723c751e8b465ee728b)
Start importing Assets/Models/AbyssGeo.fbx using Guid(89b6585c73760db48b9bc7c970b70e87) Importer(815301076,1909f56bfc062723c751e8b465ee728b)  -> (artifact id: '0e976e2730b339ed76e24b1354475b50') in 1.106020 seconds
  Import took 1.116202 seconds .

========================================================================
Received Import Request.
  Time since last request: 0.000287 seconds.
  path: Assets/Models/BioMassCorner.fbx
  artifactKey: Guid(8f3366e8ddc549045a2cb3ec6f0c3f80) Importer(815301076,1909f56bfc062723c751e8b465ee728b)
Start importing Assets/Models/BioMassCorner.fbx using Guid(8f3366e8ddc549045a2cb3ec6f0c3f80) Importer(815301076,1909f56bfc062723c751e8b465ee728b)  -> (artifact id: 'a90d9726f78991892948c55daf4435a7') in 0.016898 seconds
  Import took 0.023324 seconds .

========================================================================
Received Import Request.
  Time since last request: 0.000271 seconds.
  path: Assets/Models/Plane.fbx
  artifactKey: Guid(7a99137f28a7dc443a8608661afd9271) Importer(815301076,1909f56bfc062723c751e8b465ee728b)
Start importing Assets/Models/Plane.fbx using Guid(7a99137f28a7dc443a8608661afd9271) Importer(815301076,1909f56bfc062723c751e8b465ee728b)  -> (artifact id: '38aa54e014d0aabfd9fedbd557347ff3') in 0.279106 seconds
  Import took 0.285523 seconds .

========================================================================
Received Import Request.
  Time since last request: 0.000258 seconds.
  path: Assets/Models/BioMassSplat.fbx
  artifactKey: Guid(89fb2ad0e23e00642857605cf50d47a6) Importer(815301076,1909f56bfc062723c751e8b465ee728b)
Start importing Assets/Models/BioMassSplat.fbx using Guid(89fb2ad0e23e00642857605cf50d47a6) Importer(815301076,1909f56bfc062723c751e8b465ee728b)  -> (artifact id: 'cfd2c426722c27e71165efdf3f2eae5e') in 0.017279 seconds
  Import took 0.024198 seconds .

========================================================================
Received Import Request.
  Time since last request: 0.000245 seconds.
  path: Assets/Models/ShipWreck.fbx
  artifactKey: Guid(c254f655e8cff514d826418cad9b5c9f) Importer(815301076,1909f56bfc062723c751e8b465ee728b)
Start importing Assets/Models/ShipWreck.fbx using Guid(c254f655e8cff514d826418cad9b5c9f) Importer(815301076,1909f56bfc062723c751e8b465ee728b)  -> (artifact id: '2a7912aaad17a2851107a8b40a6437a4') in 0.021491 seconds
  Import took 0.027815 seconds .

========================================================================
Received Import Request.
  Time since last request: 0.000191 seconds.
  path: Assets/Models/Anchor.fbx
  artifactKey: Guid(670ced27de93a3a41a5b2ea3abc4e043) Importer(815301076,1909f56bfc062723c751e8b465ee728b)
Start importing Assets/Models/Anchor.fbx using Guid(670ced27de93a3a41a5b2ea3abc4e043) Importer(815301076,1909f56bfc062723c751e8b465ee728b)  -> (artifact id: '8a022d98343feec756213732bcda6ae5') in 0.015729 seconds
  Import took 0.022458 seconds .

========================================================================
Received Import Request.
  Time since last request: 0.000264 seconds.
  path: Assets/Models/Helmet.fbx
  artifactKey: Guid(d4580e2eff0cf964e9c9f7ec687425f5) Importer(815301076,1909f56bfc062723c751e8b465ee728b)
Start importing Assets/Models/Helmet.fbx using Guid(d4580e2eff0cf964e9c9f7ec687425f5) Importer(815301076,1909f56bfc062723c751e8b465ee728b)  -> (artifact id: 'd176ff8d7cc90a398a0491815db0bed6') in 0.148119 seconds
  Import took 0.154443 seconds .

========================================================================
Received Import Request.
  Time since last request: 0.000262 seconds.
  path: Assets/Models/Handscanner Beacon.fbx
  artifactKey: Guid(d7c0f27e409ef0e47bb56cd6a067dc0c) Importer(815301076,1909f56bfc062723c751e8b465ee728b)
Start importing Assets/Models/Handscanner Beacon.fbx using Guid(d7c0f27e409ef0e47bb56cd6a067dc0c) Importer(815301076,1909f56bfc062723c751e8b465ee728b)  -> (artifact id: '4767050a317c60a88bbdb88818054d1d') in 0.263517 seconds
  Import took 0.270075 seconds .

========================================================================
Received Import Request.
  Time since last request: 0.000278 seconds.
  path: Assets/Models/BioMass.fbx
  artifactKey: Guid(fdddecbfa8d955444bfba98a15a018f1) Importer(815301076,1909f56bfc062723c751e8b465ee728b)
Start importing Assets/Models/BioMass.fbx using Guid(fdddecbfa8d955444bfba98a15a018f1) Importer(815301076,1909f56bfc062723c751e8b465ee728b)  -> (artifact id: '61a7f8febfba7a764c89775b7b8995a7') in 0.016929 seconds
  Import took 0.023918 seconds .

========================================================================
Received Import Request.
  Time since last request: 0.000240 seconds.
  path: Assets/Models/BioMassBlob.fbx
  artifactKey: Guid(b5d2db44ad1db754db5cdfd854dad460) Importer(815301076,1909f56bfc062723c751e8b465ee728b)
Start importing Assets/Models/BioMassBlob.fbx using Guid(b5d2db44ad1db754db5cdfd854dad460) Importer(815301076,1909f56bfc062723c751e8b465ee728b)  -> (artifact id: 'c88e07a9a0f684470215091f07fd0a71') in 0.013177 seconds
  Import took 0.019357 seconds .

========================================================================
Received Import Request.
  Time since last request: 0.000314 seconds.
  path: Assets/Models/BioMassEgg.fbx
  artifactKey: Guid(0d7671b68a8471945abe72c64a7bf00b) Importer(815301076,1909f56bfc062723c751e8b465ee728b)
Start importing Assets/Models/BioMassEgg.fbx using Guid(0d7671b68a8471945abe72c64a7bf00b) Importer(815301076,1909f56bfc062723c751e8b465ee728b)  -> (artifact id: '52a152d62cb486622fffe58a4e32c315') in 0.019255 seconds
  Import took 0.027285 seconds .

========================================================================
Received Import Request.
  Time since last request: 0.000305 seconds.
  path: Assets/Models/Diving_Helmet.fbx
  artifactKey: Guid(362bbc6e7ee616e44bcf6b23b6f98301) Importer(815301076,1909f56bfc062723c751e8b465ee728b)
Start importing Assets/Models/Diving_Helmet.fbx using Guid(362bbc6e7ee616e44bcf6b23b6f98301) Importer(815301076,1909f56bfc062723c751e8b465ee728b)  -> (artifact id: '7c3f86d7d69e90940347711630908eb8') in 0.241470 seconds
  Import took 0.248576 seconds .

========================================================================
Received Import Request.
  Time since last request: 0.000215 seconds.
  path: Assets/Models/Cannon.fbx
  artifactKey: Guid(c91218eff77e56240b02c52a2c9acfd2) Importer(815301076,1909f56bfc062723c751e8b465ee728b)
Start importing Assets/Models/Cannon.fbx using Guid(c91218eff77e56240b02c52a2c9acfd2) Importer(815301076,1909f56bfc062723c751e8b465ee728b)  -> (artifact id: '6d194fb4facf11172c3aa93e81e00398') in 0.046482 seconds
  Import took 0.053969 seconds .

========================================================================
Received Import Request.
  Time since last request: 11.362610 seconds.
  path: Assets/Prefabs/Beacon.prefab
  artifactKey: Guid(d68f42841d7457b42af9e03ebf763196) Importer(815301076,1909f56bfc062723c751e8b465ee728b)
Start importing Assets/Prefabs/Beacon.prefab using Guid(d68f42841d7457b42af9e03ebf763196) Importer(815301076,1909f56bfc062723c751e8b465ee728b)  -> (artifact id: '7c5fe4a7421d2794b51f895f68e579d4') in 0.022984 seconds
  Import took 0.030251 seconds .

========================================================================
Received Import Request.
  Time since last request: 0.000262 seconds.
  path: Assets/Prefabs/HandScanner.prefab
  artifactKey: Guid(750d9c65c44d3d941adfd546ba3658aa) Importer(815301076,1909f56bfc062723c751e8b465ee728b)
Start importing Assets/Prefabs/HandScanner.prefab using Guid(750d9c65c44d3d941adfd546ba3658aa) Importer(815301076,1909f56bfc062723c751e8b465ee728b)  -> (artifact id: 'be2dfec6519d715ef061f152c60497db') in 0.008840 seconds
  Import took 0.015592 seconds .

========================================================================
Received Import Request.
  Time since last request: 0.000283 seconds.
  path: Assets/Prefabs/MiniMap.prefab
  artifactKey: Guid(ecb4a0ec9aa12a142b987f8c92548862) Importer(815301076,1909f56bfc062723c751e8b465ee728b)
Start importing Assets/Prefabs/MiniMap.prefab using Guid(ecb4a0ec9aa12a142b987f8c92548862) Importer(815301076,1909f56bfc062723c751e8b465ee728b)  -> (artifact id: '81b95f69291b6c6d3c8be9a849a7b3f9') in 0.007218 seconds
  Import took 0.013811 seconds .

========================================================================
Received Import Request.
  Time since last request: 0.000239 seconds.
  path: Assets/Prefabs/ScubaHelmet.prefab
  artifactKey: Guid(27cfc594ebfd7d3409b101d953af1428) Importer(815301076,1909f56bfc062723c751e8b465ee728b)
Start importing Assets/Prefabs/ScubaHelmet.prefab using Guid(27cfc594ebfd7d3409b101d953af1428) Importer(815301076,1909f56bfc062723c751e8b465ee728b)  -> (artifact id: '4f6c5e1d36a7d191f5a07533b690ddbe') in 0.298229 seconds
  Import took 0.305755 seconds .

========================================================================
Received Import Request.
  Time since last request: 0.000333 seconds.
  path: Assets/Prefabs/Substation1.prefab
  artifactKey: Guid(001a6ca16690b2d4985367358ec10727) Importer(815301076,1909f56bfc062723c751e8b465ee728b)
Start importing Assets/Prefabs/Substation1.prefab using Guid(001a6ca16690b2d4985367358ec10727) Importer(815301076,1909f56bfc062723c751e8b465ee728b)  -> (artifact id: '2815c65c0b7b00b571c9ee0819575ee4') in 1.797604 seconds
  Import took 1.806510 seconds .

========================================================================
Received Import Request.
  Time since last request: 0.000275 seconds.
  path: Assets/Prefabs/VRPlayerModel.prefab
  artifactKey: Guid(147fbb4e8b7857e48b3962779885c5e3) Importer(815301076,1909f56bfc062723c751e8b465ee728b)
Start importing Assets/Prefabs/VRPlayerModel.prefab using Guid(147fbb4e8b7857e48b3962779885c5e3) Importer(815301076,1909f56bfc062723c751e8b465ee728b)  -> (artifact id: 'e346d355218cda41b5ee4990d6566f9b') in 0.077307 seconds
  Import took 0.084379 seconds .

========================================================================
Received Import Request.
  Time since last request: 0.000229 seconds.
  path: Assets/Prefabs/ViewerCam.prefab
  artifactKey: Guid(ccaeecca208f4f6489634432a783888d) Importer(815301076,1909f56bfc062723c751e8b465ee728b)
Start importing Assets/Prefabs/ViewerCam.prefab using Guid(ccaeecca208f4f6489634432a783888d) Importer(815301076,1909f56bfc062723c751e8b465ee728b)  -> (artifact id: 'e2f28f63d4e818ce6c4fd6bdb71103d2') in 0.009366 seconds
  Import took 0.015784 seconds .

========================================================================
Received Import Request.
  Time since last request: 0.000280 seconds.
  path: Assets/Prefabs/PhotonVoiceManager.prefab
  artifactKey: Guid(0bce2048d1165ea48a4c44509fafea76) Importer(815301076,1909f56bfc062723c751e8b465ee728b)
Start importing Assets/Prefabs/PhotonVoiceManager.prefab using Guid(0bce2048d1165ea48a4c44509fafea76) Importer(815301076,1909f56bfc062723c751e8b465ee728b)  -> (artifact id: '5c806219a4f57cd6a2b49347e9df392b') in 0.013766 seconds
  Import took 0.020136 seconds .

========================================================================
Received Import Request.
  Time since last request: 0.000267 seconds.
  path: Assets/Prefabs/Plane.prefab
  artifactKey: Guid(4cd1761c663364c47a5a3cb09be7c7b7) Importer(815301076,1909f56bfc062723c751e8b465ee728b)
Start importing Assets/Prefabs/Plane.prefab using Guid(4cd1761c663364c47a5a3cb09be7c7b7) Importer(815301076,1909f56bfc062723c751e8b465ee728b)  -> (artifact id: 'd16a6211dd1323b019e32ce3cb63edc4') in 0.013687 seconds
  Import took 0.020071 seconds .

========================================================================
Received Import Request.
  Time since last request: 0.000216 seconds.
  path: Assets/Prefabs/Dashboard.prefab
  artifactKey: Guid(5dc9f0ec69ab592479cdbb846b6de22a) Importer(815301076,1909f56bfc062723c751e8b465ee728b)
Start importing Assets/Prefabs/Dashboard.prefab using Guid(5dc9f0ec69ab592479cdbb846b6de22a) Importer(815301076,1909f56bfc062723c751e8b465ee728b)  -> (artifact id: 'c13f7747ef61d00be2196398dfff4f59') in 0.013435 seconds
  Import took 0.020390 seconds .

========================================================================
Received Import Request.
  Time since last request: 0.000261 seconds.
  path: Assets/Prefabs/MiniMapScreen.prefab
  artifactKey: Guid(e5bccbe927a93e240b4eb0efab44a174) Importer(815301076,1909f56bfc062723c751e8b465ee728b)
Start importing Assets/Prefabs/MiniMapScreen.prefab using Guid(e5bccbe927a93e240b4eb0efab44a174) Importer(815301076,1909f56bfc062723c751e8b465ee728b)  -> (artifact id: 'ca9998d91e9c9480b4d1fd642bd43f65') in 0.006682 seconds
  Import took 0.013636 seconds .

========================================================================
Received Import Request.
  Time since last request: 0.000299 seconds.
  path: Assets/Prefabs/Substation2.prefab
  artifactKey: Guid(398ad284ea66a3e4f986ced29540bb08) Importer(815301076,1909f56bfc062723c751e8b465ee728b)
Start importing Assets/Prefabs/Substation2.prefab using Guid(398ad284ea66a3e4f986ced29540bb08) Importer(815301076,1909f56bfc062723c751e8b465ee728b)  -> (artifact id: '1e88c0d2c8529e3a246591ce360a68fd') in 0.041324 seconds
  Import took 0.049003 seconds .

========================================================================
Received Import Request.
  Time since last request: 0.000230 seconds.
  path: Assets/Prefabs/MiniMapCamera.prefab
  artifactKey: Guid(a79735c1f5d3fdb48be4a6d686c120ce) Importer(815301076,1909f56bfc062723c751e8b465ee728b)
Start importing Assets/Prefabs/MiniMapCamera.prefab using Guid(a79735c1f5d3fdb48be4a6d686c120ce) Importer(815301076,1909f56bfc062723c751e8b465ee728b)  -> (artifact id: '28b825999ffc31ae732c1d026edbe54e') in 0.007226 seconds
  Import took 0.014038 seconds .

========================================================================
Received Import Request.
  Time since last request: 0.000297 seconds.
  path: Assets/Prefabs/XR Rig.prefab
  artifactKey: Guid(e82a8315928b57848bac9660facf624b) Importer(815301076,1909f56bfc062723c751e8b465ee728b)
Start importing Assets/Prefabs/XR Rig.prefab using Guid(e82a8315928b57848bac9660facf624b) Importer(815301076,1909f56bfc062723c751e8b465ee728b)  -> (artifact id: '400f29df8f6bf3bf1994902fe801aa52') in 0.335097 seconds
  Import took 0.341698 seconds .

========================================================================
Received Import Request.
  Time since last request: 0.000271 seconds.
  path: Assets/Prefabs/Rectangle Room 1.prefab
  artifactKey: Guid(e3f9e55d06c8d3d4696ec43ca7f79fcd) Importer(815301076,1909f56bfc062723c751e8b465ee728b)
Start importing Assets/Prefabs/Rectangle Room 1.prefab using Guid(e3f9e55d06c8d3d4696ec43ca7f79fcd) Importer(815301076,1909f56bfc062723c751e8b465ee728b)  -> (artifact id: 'd17383f214be9d538053735748b66b02') in 0.013429 seconds
  Import took 0.019874 seconds .

========================================================================
Received Import Request.
  Time since last request: 0.000270 seconds.
  path: Assets/Prefabs/SubstationProps.prefab
  artifactKey: Guid(38da406aa87967642aa43e5d0de00e93) Importer(815301076,1909f56bfc062723c751e8b465ee728b)
Start importing Assets/Prefabs/SubstationProps.prefab using Guid(38da406aa87967642aa43e5d0de00e93) Importer(815301076,1909f56bfc062723c751e8b465ee728b)  -> (artifact id: '19aa4dccb751e698ccea8fb01d13ca21') in 0.058677 seconds
  Import took 0.066570 seconds .

========================================================================
Received Import Request.
  Time since last request: 0.000299 seconds.
  path: Assets/Prefabs/Left Hand Presence.prefab
  artifactKey: Guid(6c2509c76b281144cb0099fc45f17a09) Importer(815301076,1909f56bfc062723c751e8b465ee728b)
Start importing Assets/Prefabs/Left Hand Presence.prefab using Guid(6c2509c76b281144cb0099fc45f17a09) Importer(815301076,1909f56bfc062723c751e8b465ee728b)  -> (artifact id: '21237ec09cce546adda8941204b1edbd') in 0.018104 seconds
  Import took 0.025081 seconds .

========================================================================
Received Import Request.
  Time since last request: 0.000276 seconds.
  path: Assets/Prefabs/DustBox.prefab
  artifactKey: Guid(22809145429ec71479568365673215f4) Importer(815301076,1909f56bfc062723c751e8b465ee728b)
Start importing Assets/Prefabs/DustBox.prefab using Guid(22809145429ec71479568365673215f4) Importer(815301076,1909f56bfc062723c751e8b465ee728b)  -> (artifact id: 'e7aa45bf8bd45c245bb15e7a327966eb') in 0.010138 seconds
  Import took 0.017027 seconds .

========================================================================
Received Import Request.
  Time since last request: 0.000283 seconds.
  path: Assets/Prefabs/MiniMapPack.prefab
  artifactKey: Guid(2958233f34135a24db51c090f46ffde1) Importer(815301076,1909f56bfc062723c751e8b465ee728b)
Start importing Assets/Prefabs/MiniMapPack.prefab using Guid(2958233f34135a24db51c090f46ffde1) Importer(815301076,1909f56bfc062723c751e8b465ee728b)  -> (artifact id: 'ad58f1634c65a19d37023cf4d022ecd5') in 0.015092 seconds
  Import took 0.022020 seconds .

========================================================================
Received Import Request.
  Time since last request: 0.000206 seconds.
  path: Assets/Prefabs/PlayerIcon.prefab
  artifactKey: Guid(ecbed988f719fdf49a9bd974fad36b50) Importer(815301076,1909f56bfc062723c751e8b465ee728b)
Start importing Assets/Prefabs/PlayerIcon.prefab using Guid(ecbed988f719fdf49a9bd974fad36b50) Importer(815301076,1909f56bfc062723c751e8b465ee728b)  -> (artifact id: 'e151ee152bf00b3e4414adab597ce81b') in 0.011763 seconds
  Import took 0.018060 seconds .

========================================================================
Received Import Request.
  Time since last request: 0.000216 seconds.
  path: Assets/Prefabs/DustEffect.prefab
  artifactKey: Guid(4e09f02592b41d047a6f84544a03d8ee) Importer(815301076,1909f56bfc062723c751e8b465ee728b)
Start importing Assets/Prefabs/DustEffect.prefab using Guid(4e09f02592b41d047a6f84544a03d8ee) Importer(815301076,1909f56bfc062723c751e8b465ee728b)  -> (artifact id: 'cf030bf18ff0749de456f4062dce1a1c') in 0.007612 seconds
  Import took 0.014032 seconds .

========================================================================
Received Import Request.
  Time since last request: 0.000210 seconds.
  path: Assets/Prefabs/Right Hand Presence.prefab
  artifactKey: Guid(ddc38db09f9124241b4b4e9b2b9831eb) Importer(815301076,1909f56bfc062723c751e8b465ee728b)
Start importing Assets/Prefabs/Right Hand Presence.prefab using Guid(ddc38db09f9124241b4b4e9b2b9831eb) Importer(815301076,1909f56bfc062723c751e8b465ee728b)  -> (artifact id: '7cd2f6b1eda60455cb63f5b3072f8910') in 0.018998 seconds
  Import took 0.025809 seconds .

========================================================================
Received Import Request.
  Time since last request: 0.000194 seconds.
  path: Assets/Prefabs/LoginUI.prefab
  artifactKey: Guid(4bb5c0498ece8774589146521de76931) Importer(815301076,1909f56bfc062723c751e8b465ee728b)
Start importing Assets/Prefabs/LoginUI.prefab using Guid(4bb5c0498ece8774589146521de76931) Importer(815301076,1909f56bfc062723c751e8b465ee728b)  -> (artifact id: '75ce2562188fc4ebbec9d6362836f64e') in 0.075919 seconds
  Import took 0.082248 seconds .

========================================================================
Received Import Request.
  Time since last request: 0.000217 seconds.
  path: Assets/Prefabs/DashboardWithDPad.prefab
  artifactKey: Guid(5870a29f5f0a066429432c34efed5fd0) Importer(815301076,1909f56bfc062723c751e8b465ee728b)
Start importing Assets/Prefabs/DashboardWithDPad.prefab using Guid(5870a29f5f0a066429432c34efed5fd0) Importer(815301076,1909f56bfc062723c751e8b465ee728b)  -> (artifact id: '5229062ac51681e476f603a2cd524cb7') in 0.031242 seconds
  Import took 0.038978 seconds .

========================================================================
Received Import Request.
  Time since last request: 0.000399 seconds.
  path: Assets/Prefabs/DoorPrefab.prefab
  artifactKey: Guid(44336bc06ffc73e43a8a1f8aa30d9bef) Importer(815301076,1909f56bfc062723c751e8b465ee728b)
Start importing Assets/Prefabs/DoorPrefab.prefab using Guid(44336bc06ffc73e43a8a1f8aa30d9bef) Importer(815301076,1909f56bfc062723c751e8b465ee728b)  -> (artifact id: '0807abc1e1900d80b628ff6248cc6daa') in 0.011227 seconds
  Import took 0.017503 seconds .

========================================================================
Received Import Request.
  Time since last request: 0.000272 seconds.
  path: Assets/Prefabs/DivingHelmet.prefab
  artifactKey: Guid(63da4cce0c8db7440ad530207e1d1efe) Importer(815301076,1909f56bfc062723c751e8b465ee728b)
Start importing Assets/Prefabs/DivingHelmet.prefab using Guid(63da4cce0c8db7440ad530207e1d1efe) Importer(815301076,1909f56bfc062723c751e8b465ee728b)  -> (artifact id: '572da4e44688541da03d026efd76d9f0') in 0.014042 seconds
  Import took 0.020104 seconds .

AssetImportWorkerClient::OnTransportError - code=2 error=End of file
